#
# A fatal error has been detected by the Java Runtime Environment:
#
#  SIGSEGV (0xb) at pc=0x000000011673745f, pid=13906, tid=0x000000000000bd7f
#
# JRE version: Java(TM) SE Runtime Environment (8.0_144-b01) (build 1.8.0_144-b01)
# Java VM: Java HotSpot(TM) 64-Bit Server VM (25.144-b01 mixed mode bsd-amd64 compressed oops)
# Problematic frame:
# C  [libawt_lwawt.dylib+0x1c45f]  OGLSD_SetScratchSurface+0x49
#
# Failed to write core dump. Core dumps have been disabled. To enable core dumping, try "ulimit -c unlimited" before starting Java again
#
# If you would like to submit a bug report, please visit:
#   http://bugreport.java.com/bugreport/crash.jsp
# The crash happened outside the Java Virtual Machine in native code.
# See problematic frame for where to report the bug.
#

---------------  T H R E A D  ---------------

Current thread (0x00007ff426986000):  JavaThread "Java2D Queue Flusher" daemon [_thread_in_native, id=48511, stack(0x0000700009fea000,0x000070000a0ea000)]

siginfo: si_signo: 11 (SIGSEGV), si_code: 1 (SEGV_MAPERR), si_addr: 0x0000000000000002

Registers:
RAX=0x00000000ffffffff, RBX=0x0000000000000002, RCX=0x0000000000000047, RDX=0x0000000116758258
RSP=0x000070000a0e9730, RBP=0x000070000a0e9750, RSI=0x00007ff4265bcaa0, RDI=0x00007ff4269861f8
R8 =0x00000000000005cb, R9 =0xffffffff00000000, R10=0x0000000117bdc038, R11=0x0000000117dba0c0
R12=0x0000000000000000, R13=0x000070000a0e98e8, R14=0x00007ff4269861f8, R15=0x00007ff426986000
RIP=0x000000011673745f, EFLAGS=0x0000000000010202, ERR=0x0000000000000004
  TRAPNO=0x000000000000000e

Top of Stack: (sp=0x000070000a0e9730)
0x000070000a0e9730:   00007ff4265bcaa0 0000000000000000
0x000070000a0e9740:   00007ff4280fac10 00007ff426986000
0x000070000a0e9750:   000070000a0e97d0 0000000116757d36
0x000070000a0e9760:   00007ff42664bb00 0000000200000001
0x000070000a0e9770:   00007f0026502a00 00007ff42643de00
0x000070000a0e9780:   0000000000000000 0000000000000000
0x000070000a0e9790:   000070000a0e97d0 00007ff4280fac20
0x000070000a0e97a0:   00007000000e9968 00007ff4269861f8
0x000070000a0e97b0:   000000012bb51b68 0000000000000000
0x000070000a0e97c0:   000070000a0e9968 00007ff426986000
0x000070000a0e97d0:   000070000a0e9820 0000000117bdc0aa
0x000070000a0e97e0:   0000000740477bd8 000000010d738a00
0x000070000a0e97f0:   0000000000000064 0000000000000000
0x000070000a0e9800:   0000000000000064 00007ff42664b558
0x000070000a0e9810:   000070000a0e9870 000000010d5501e8
0x000070000a0e9820:   000070000a0e9940 0000000117dba6bc
0x000070000a0e9830:   0000000000000001 00007ff42664c260
0x000070000a0e9840:   0000000740477c00 00007ff426986000
0x000070000a0e9850:   00007ff426986000 0000000113013a00
0x000070000a0e9860:   000070000a0e9968 00007ff426986000
0x000070000a0e9870:   000070000a0e98c0 0000000117c50f28
0x000070000a0e9880:   0000000740477bd8 0000000117c8a4a6
0x000070000a0e9890:   000070000a0e9940 0000000117dba11c
0x000070000a0e98a0:   0000000740477c60 0000000117d2bdfc
0x000070000a0e98b0:   00000001137dadc0 0000000000000000
0x000070000a0e98c0:   000070000a0e9940 00000001179d02bd
0x000070000a0e98d0:   000070000a0e9940 00000001179d02bd
0x000070000a0e98e0:   00000001179d02bd 0000000740477bd8
0x000070000a0e98f0:   0000000000000001 0000000740477c60
0x000070000a0e9900:   000070000a0e98f0 000000011358c159
0x000070000a0e9910:   000070000a0e9968 000000011358e428
0x000070000a0e9920:   0000000000000000 000000011358c260 

Instructions: (pc=0x000000011673745f)
0x000000011673743f:   c0 e9 82 00 00 00 48 8b 5e 10 48 85 db 75 0e bf
0x000000011673744f:   01 00 00 00 48 8d 15 67 7b 03 00 eb d6 49 89 fe
0x000000011673745f:   4c 8b 3b 30 c0 e8 21 a6 02 00 49 8b 3f 49 89 c4
0x000000011673746f:   48 8b 35 aa 02 06 00 30 c0 e8 51 a7 02 00 48 85 

Register to memory mapping:

RAX=0x00000000ffffffff is an unknown value
RBX=0x0000000000000002 is an unknown value
RCX=0x0000000000000047 is an unknown value
RDX=0x0000000116758258: Java_sun_java2d_opengl_OGLRenderQueue_flushBuffer+0xb5c in /Library/Java/JavaVirtualMachines/jdk1.8.0_144.jdk/Contents/Home/jre/lib/libawt_lwawt.dylib at 0x000000011671b000
RSP=0x000070000a0e9730 is pointing into the stack for thread: 0x00007ff426986000
RBP=0x000070000a0e9750 is pointing into the stack for thread: 0x00007ff426986000
RSI=0x00007ff4265bcaa0 is an unknown value
RDI=0x00007ff4269861f8 is an unknown value
R8 =0x00000000000005cb is an unknown value
R9 =0xffffffff00000000 is an unknown value
R10=0x0000000117bdc038 is at entry_point+56 in (nmethod*)0x0000000117bdbe90
R11=0x0000000117dba0c0 is at entry_point+0 in (nmethod*)0x0000000117db9f50
R12=0x0000000000000000 is an unknown value
R13=0x000070000a0e98e8 is pointing into the stack for thread: 0x00007ff426986000
R14=0x00007ff4269861f8 is an unknown value
R15=0x00007ff426986000 is a thread


Stack: [0x0000700009fea000,0x000070000a0ea000],  sp=0x000070000a0e9730,  free space=1021k
Native frames: (J=compiled Java code, j=interpreted, Vv=VM code, C=native code)
C  [libawt_lwawt.dylib+0x1c45f]  OGLSD_SetScratchSurface+0x49
C  [libawt_lwawt.dylib+0x3cd36]  Java_sun_java2d_opengl_OGLRenderQueue_flushBuffer+0x63a
J 1344  sun.java2d.opengl.OGLRenderQueue.flushBuffer(JI)V (0 bytes) @ 0x0000000117bdc0aa [0x0000000117bdc000+0xaa]
J 1142 C1 sun.java2d.opengl.OGLRenderQueue.flushBuffer()V (41 bytes) @ 0x0000000117dba6bc [0x0000000117dba460+0x25c]
J 1141 C1 sun.java2d.opengl.OGLRenderQueue.access$100(Lsun/java2d/opengl/OGLRenderQueue;)V (5 bytes) @ 0x0000000117dba11c [0x0000000117dba0c0+0x5c]
j  sun.java2d.opengl.OGLRenderQueue$QueueFlusher.run()V+81
v  ~StubRoutines::call_stub
V  [libjvm.dylib+0x2ee70a]
V  [libjvm.dylib+0x2eeeae]
V  [libjvm.dylib+0x2ef05a]
V  [libjvm.dylib+0x3497b1]
V  [libjvm.dylib+0x56c0b3]
V  [libjvm.dylib+0x56d7a0]
V  [libjvm.dylib+0x48baee]
C  [libsystem_pthread.dylib+0x36c1]  _pthread_body+0x154
C  [libsystem_pthread.dylib+0x356d]  _pthread_body+0x0
C  [libsystem_pthread.dylib+0x2c5d]  thread_start+0xd
C  0x0000000000000000

Java frames: (J=compiled Java code, j=interpreted, Vv=VM code)
J 1344  sun.java2d.opengl.OGLRenderQueue.flushBuffer(JI)V (0 bytes) @ 0x0000000117bdc038 [0x0000000117bdc000+0x38]
J 1142 C1 sun.java2d.opengl.OGLRenderQueue.flushBuffer()V (41 bytes) @ 0x0000000117dba6bc [0x0000000117dba460+0x25c]
J 1141 C1 sun.java2d.opengl.OGLRenderQueue.access$100(Lsun/java2d/opengl/OGLRenderQueue;)V (5 bytes) @ 0x0000000117dba11c [0x0000000117dba0c0+0x5c]
j  sun.java2d.opengl.OGLRenderQueue$QueueFlusher.run()V+81
v  ~StubRoutines::call_stub

---------------  P R O C E S S  ---------------

Java Threads: ( => current thread )
  0x00007ff427a80800 JavaThread "DestroyJavaVM" [_thread_blocked, id=6915, stack(0x0000700008e31000,0x0000700008f31000)]
  0x00007ff426985000 JavaThread "AWT-EventQueue-0" [_thread_in_Java, id=65031, stack(0x000070000a273000,0x000070000a373000)]
  0x00007ff428105000 JavaThread "Java2D Disposer" daemon [_thread_blocked, id=58127, stack(0x000070000a0ed000,0x000070000a1ed000)]
=>0x00007ff426986000 JavaThread "Java2D Queue Flusher" daemon [_thread_in_native, id=48511, stack(0x0000700009fea000,0x000070000a0ea000)]
  0x00007ff4272d4000 JavaThread "AWT-Shutdown" [_thread_blocked, id=30507, stack(0x0000700009d5e000,0x0000700009e5e000)]
  0x00007ff4268b0000 JavaThread "AppKit Thread" daemon [_thread_in_native, id=775, stack(0x00007ffee2bb7000,0x00007ffee33b7000)]
  0x00007ff4268a4000 JavaThread "Service Thread" daemon [_thread_blocked, id=18947, stack(0x0000700009b58000,0x0000700009c58000)]
  0x00007ff42806a800 JavaThread "C1 CompilerThread2" daemon [_thread_blocked, id=18435, stack(0x0000700009a55000,0x0000700009b55000)]
  0x00007ff428069800 JavaThread "C2 CompilerThread1" daemon [_thread_blocked, id=17923, stack(0x0000700009952000,0x0000700009a52000)]
  0x00007ff42685d000 JavaThread "C2 CompilerThread0" daemon [_thread_blocked, id=17411, stack(0x000070000984f000,0x000070000994f000)]
  0x00007ff426822800 JavaThread "Monitor Ctrl-Break" daemon [_thread_in_Java, id=16899, stack(0x000070000974c000,0x000070000984c000)]
  0x00007ff426827800 JavaThread "Signal Dispatcher" daemon [_thread_blocked, id=16391, stack(0x0000700009649000,0x0000700009749000)]
  0x00007ff428005800 JavaThread "Finalizer" daemon [_thread_blocked, id=13059, stack(0x0000700009546000,0x0000700009646000)]
  0x00007ff428002800 JavaThread "Reference Handler" daemon [_thread_blocked, id=12547, stack(0x0000700009443000,0x0000700009543000)]

Other Threads:
  0x00007ff426805800 VMThread [stack: 0x0000700009340000,0x0000700009440000] [id=12035]
  0x00007ff42782b800 WatcherThread [stack: 0x0000700009c5b000,0x0000700009d5b000] [id=19459]

VM state:not at safepoint (normal execution)

VM Mutex/Monitor currently owned by a thread: None

Heap:
 PSYoungGen      total 638976K, used 45655K [0x0000000795580000, 0x00000007c0000000, 0x00000007c0000000)
  eden space 576512K, 3% used [0x0000000795580000,0x0000000796a1e4c0,0x00000007b8880000)
  from space 62464K, 39% used [0x00000007bc300000,0x00000007bdaf7a70,0x00000007c0000000)
  to   space 59904K, 0% used [0x00000007b8880000,0x00000007b8880000,0x00000007bc300000)
 ParOldGen       total 466432K, used 386344K [0x0000000740000000, 0x000000075c780000, 0x0000000795580000)
  object space 466432K, 82% used [0x0000000740000000,0x000000075794a380,0x000000075c780000)
 Metaspace       used 11470K, capacity 11800K, committed 11904K, reserved 1060864K
  class space    used 1312K, capacity 1397K, committed 1408K, reserved 1048576K

Card table byte_map: [0x000000010e567000,0x000000010e968000] byte_map_base: 0x000000010ab67000

Marking Bits: (ParMarkBitMap*) 0x000000010daf35d0
 Begin Bits: [0x000000010ec13000, 0x0000000110c13000)
 End Bits:   [0x0000000110c13000, 0x0000000112c13000)

Polling page: 0x000000010c8c5000

CodeCache: size=245760Kb used=5381Kb max_used=5385Kb free=240378Kb
 bounds [0x00000001179c8000, 0x0000000117f18000, 0x00000001269c8000]
 total_blobs=2058 nmethods=1530 adapters=441
 compilation: enabled

Compilation events (10 events):
Event: 4332.945 Thread 0x00007ff42806a800 nmethod 1678 0x0000000117f0c410 code [0x0000000117f0c5a0, 0x0000000117f0ca30]
Event: 4332.945 Thread 0x00007ff42806a800 1679       3       java.lang.ref.ReferenceQueue::remove (6 bytes)
Event: 4332.946 Thread 0x00007ff42806a800 nmethod 1679 0x0000000117f0cb10 code [0x0000000117f0cc80, 0x0000000117f0ce88]
Event: 4332.946 Thread 0x00007ff42806a800 1680   !   3       java.lang.ref.ReferenceQueue::remove (125 bytes)
Event: 4332.947 Thread 0x00007ff42806a800 nmethod 1680 0x0000000117f0cf10 code [0x0000000117f0d100, 0x0000000117f0d9b8]
Event: 4332.956 Thread 0x00007ff42806a800 1681  s    3       java.util.Hashtable::remove (133 bytes)
Event: 4332.957 Thread 0x00007ff42806a800 nmethod 1681 0x0000000117f0ddd0 code [0x0000000117f0df80, 0x0000000117f0e7d8]
Event: 4332.957 Thread 0x00007ff42806a800 1682   !   3       sun.java2d.Disposer::clearDeferredRecords (70 bytes)
Event: 4332.958 Thread 0x00007ff42806a800 nmethod 1682 0x0000000117f0eb10 code [0x0000000117f0ed60, 0x0000000117f0f8f8]
Event: 4332.958 Thread 0x00007ff42806a800 1683       3       sun.java2d.DefaultDisposerRecord::dispose (12 bytes)

GC Heap History (10 events):
Event: 18.265 GC heap before
{Heap before GC invocations=22 (full 3):
 PSYoungGen      total 640000K, used 619424K [0x0000000795580000, 0x00000007c0000000, 0x00000007c0000000)
  eden space 583168K, 100% used [0x0000000795580000,0x00000007b8f00000,0x00000007b8f00000)
  from space 56832K, 63% used [0x00000007bc880000,0x00000007bebe8000,0x00000007c0000000)
  to   space 57856K, 0% used [0x00000007b8f00000,0x00000007b8f00000,0x00000007bc780000)
 ParOldGen       total 332288K, used 241134K [0x0000000740000000, 0x0000000754480000, 0x0000000795580000)
  object space 332288K, 72% used [0x0000000740000000,0x000000074eb7bb58,0x0000000754480000)
 Metaspace       used 10021K, capacity 10282K, committed 10624K, reserved 1058816K
  class space    used 1201K, capacity 1300K, committed 1408K, reserved 1048576K
Event: 18.308 GC heap after
Heap after GC invocations=22 (full 3):
 PSYoungGen      total 619520K, used 36224K [0x0000000795580000, 0x00000007c0000000, 0x00000007c0000000)
  eden space 583168K, 0% used [0x0000000795580000,0x0000000795580000,0x00000007b8f00000)
  from space 36352K, 99% used [0x00000007b8f00000,0x00000007bb260000,0x00000007bb280000)
  to   space 58880K, 0% used [0x00000007bc680000,0x00000007bc680000,0x00000007c0000000)
 ParOldGen       total 332288K, used 277278K [0x0000000740000000, 0x0000000754480000, 0x0000000795580000)
  object space 332288K, 83% used [0x0000000740000000,0x0000000750ec7b58,0x0000000754480000)
 Metaspace       used 10021K, capacity 10282K, committed 10624K, reserved 1058816K
  class space    used 1201K, capacity 1300K, committed 1408K, reserved 1048576K
}
Event: 19.936 GC heap before
{Heap before GC invocations=23 (full 3):
 PSYoungGen      total 619520K, used 619392K [0x0000000795580000, 0x00000007c0000000, 0x00000007c0000000)
  eden space 583168K, 100% used [0x0000000795580000,0x00000007b8f00000,0x00000007b8f00000)
  from space 36352K, 99% used [0x00000007b8f00000,0x00000007bb260000,0x00000007bb280000)
  to   space 58880K, 0% used [0x00000007bc680000,0x00000007bc680000,0x00000007c0000000)
 ParOldGen       total 332288K, used 277278K [0x0000000740000000, 0x0000000754480000, 0x0000000795580000)
  object space 332288K, 83% used [0x0000000740000000,0x0000000750ec7b58,0x0000000754480000)
 Metaspace       used 10025K, capacity 10282K, committed 10624K, reserved 1058816K
  class space    used 1201K, capacity 1300K, committed 1408K, reserved 1048576K
Event: 19.992 GC heap after
Heap after GC invocations=23 (full 3):
 PSYoungGen      total 636928K, used 39709K [0x0000000795580000, 0x00000007c0000000, 0x00000007c0000000)
  eden space 578048K, 0% used [0x0000000795580000,0x0000000795580000,0x00000007b8a00000)
  from space 58880K, 67% used [0x00000007bc680000,0x00000007bed476c8,0x00000007c0000000)
  to   space 60416K, 0% used [0x00000007b8a00000,0x00000007b8a00000,0x00000007bc500000)
 ParOldGen       total 332288K, used 313470K [0x0000000740000000, 0x0000000754480000, 0x0000000795580000)
  object space 332288K, 94% used [0x0000000740000000,0x000000075321fb58,0x0000000754480000)
 Metaspace       used 10025K, capacity 10282K, committed 10624K, reserved 1058816K
  class space    used 1201K, capacity 1300K, committed 1408K, reserved 1048576K
}
Event: 19.992 GC heap before
{Heap before GC invocations=24 (full 4):
 PSYoungGen      total 636928K, used 39709K [0x0000000795580000, 0x00000007c0000000, 0x00000007c0000000)
  eden space 578048K, 0% used [0x0000000795580000,0x0000000795580000,0x00000007b8a00000)
  from space 58880K, 67% used [0x00000007bc680000,0x00000007bed476c8,0x00000007c0000000)
  to   space 60416K, 0% used [0x00000007b8a00000,0x00000007b8a00000,0x00000007bc500000)
 ParOldGen       total 332288K, used 313470K [0x0000000740000000, 0x0000000754480000, 0x0000000795580000)
  object space 332288K, 94% used [0x0000000740000000,0x000000075321fb58,0x0000000754480000)
 Metaspace       used 10025K, capacity 10282K, committed 10624K, reserved 1058816K
  class space    used 1201K, capacity 1300K, committed 1408K, reserved 1048576K
Event: 20.101 GC heap after
Heap after GC invocations=24 (full 4):
 PSYoungGen      total 636928K, used 12328K [0x0000000795580000, 0x00000007c0000000, 0x00000007c0000000)
  eden space 578048K, 0% used [0x0000000795580000,0x0000000795580000,0x00000007b8a00000)
  from space 58880K, 20% used [0x00000007bc680000,0x00000007bd28a310,0x00000007c0000000)
  to   space 60416K, 0% used [0x00000007b8a00000,0x00000007b8a00000,0x00000007bc500000)
 ParOldGen       total 466432K, used 332080K [0x0000000740000000, 0x000000075c780000, 0x0000000795580000)
  object space 466432K, 71% used [0x0000000740000000,0x000000075444c380,0x000000075c780000)
 Metaspace       used 10025K, capacity 10282K, committed 10624K, reserved 1058816K
  class space    used 1201K, capacity 1300K, committed 1408K, reserved 1048576K
}
Event: 21.648 GC heap before
{Heap before GC invocations=25 (full 4):
 PSYoungGen      total 636928K, used 590376K [0x0000000795580000, 0x00000007c0000000, 0x00000007c0000000)
  eden space 578048K, 100% used [0x0000000795580000,0x00000007b8a00000,0x00000007b8a00000)
  from space 58880K, 20% used [0x00000007bc680000,0x00000007bd28a310,0x00000007c0000000)
  to   space 60416K, 0% used [0x00000007b8a00000,0x00000007b8a00000,0x00000007bc500000)
 ParOldGen       total 466432K, used 332080K [0x0000000740000000, 0x000000075c780000, 0x0000000795580000)
  object space 466432K, 71% used [0x0000000740000000,0x000000075444c380,0x000000075c780000)
 Metaspace       used 10029K, capacity 10282K, committed 10624K, reserved 1058816K
  class space    used 1201K, capacity 1300K, committed 1408K, reserved 1048576K
Event: 21.672 GC heap after
Heap after GC invocations=25 (full 4):
 PSYoungGen      total 619520K, used 41312K [0x0000000795580000, 0x00000007c0000000, 0x00000007c0000000)
  eden space 578048K, 0% used [0x0000000795580000,0x0000000795580000,0x00000007b8a00000)
  from space 41472K, 99% used [0x00000007b8a00000,0x00000007bb258000,0x00000007bb280000)
  to   space 62464K, 0% used [0x00000007bc300000,0x00000007bc300000,0x00000007c0000000)
 ParOldGen       total 466432K, used 345128K [0x0000000740000000, 0x000000075c780000, 0x0000000795580000)
  object space 466432K, 73% used [0x0000000740000000,0x000000075510a380,0x000000075c780000)
 Metaspace       used 10029K, capacity 10282K, committed 10624K, reserved 1058816K
  class space    used 1201K, capacity 1300K, committed 1408K, reserved 1048576K
}
Event: 4332.423 GC heap before
{Heap before GC invocations=26 (full 4):
 PSYoungGen      total 619520K, used 617989K [0x0000000795580000, 0x00000007c0000000, 0x00000007c0000000)
  eden space 578048K, 99% used [0x0000000795580000,0x00000007b88a9670,0x00000007b8a00000)
  from space 41472K, 99% used [0x00000007b8a00000,0x00000007bb258000,0x00000007bb280000)
  to   space 62464K, 0% used [0x00000007bc300000,0x00000007bc300000,0x00000007c0000000)
 ParOldGen       total 466432K, used 345128K [0x0000000740000000, 0x000000075c780000, 0x0000000795580000)
  object space 466432K, 73% used [0x0000000740000000,0x000000075510a380,0x000000075c780000)
 Metaspace       used 11465K, capacity 11736K, committed 11904K, reserved 1060864K
  class space    used 1312K, capacity 1397K, committed 1408K, reserved 1048576K
Event: 4332.912 GC heap after
Heap after GC invocations=26 (full 4):
 PSYoungGen      total 638976K, used 24542K [0x0000000795580000, 0x00000007c0000000, 0x00000007c0000000)
  eden space 576512K, 0% used [0x0000000795580000,0x0000000795580000,0x00000007b8880000)
  from space 62464K, 39% used [0x00000007bc300000,0x00000007bdaf7a70,0x00000007c0000000)
  to   space 59904K, 0% used [0x00000007b8880000,0x00000007b8880000,0x00000007bc300000)
 ParOldGen       total 466432K, used 386344K [0x0000000740000000, 0x000000075c780000, 0x0000000795580000)
  object space 466432K, 82% used [0x0000000740000000,0x000000075794a380,0x000000075c780000)
 Metaspace       used 11465K, capacity 11736K, committed 11904K, reserved 1060864K
  class space    used 1312K, capacity 1397K, committed 1408K, reserved 1048576K
}

Deoptimization events (10 events):
Event: 399.133 Thread 0x00007ff4268b0000 Uncommon trap: reason=null_check action=make_not_entrant pc=0x0000000117c8ef04 method=sun.java2d.pipe.BufferedContext.validate(Lsun/java2d/pipe/hw/AccelSurface;Lsun/java2d/pipe/hw/AccelSurface;Lsun/java2d/pipe/Region;Ljava/awt/Composite;Ljava/awt/geom/Aff
Event: 399.133 Thread 0x00007ff4268b0000 Uncommon trap: reason=null_check action=make_not_entrant pc=0x0000000117addf20 method=java.awt.geom.AffineTransform.equals(Ljava/lang/Object;)Z @ 1
Event: 399.260 Thread 0x00007ff426985000 Uncommon trap: reason=unstable_if action=reinterpret pc=0x0000000117dedd70 method=sun.java2d.pipe.BufferedContext.validate(Lsun/java2d/pipe/hw/AccelSurface;Lsun/java2d/pipe/hw/AccelSurface;Lsun/java2d/pipe/Region;Ljava/awt/Composite;Ljava/awt/geom/AffineT
Event: 399.621 Thread 0x00007ff426985000 Uncommon trap: reason=unstable_if action=reinterpret pc=0x0000000117e091c4 method=sun.java2d.pipe.BufferedContext.validate(Lsun/java2d/pipe/hw/AccelSurface;Lsun/java2d/pipe/hw/AccelSurface;Lsun/java2d/pipe/Region;Ljava/awt/Composite;Ljava/awt/geom/AffineT
Event: 400.079 Thread 0x00007ff426985000 Uncommon trap: reason=unstable_if action=reinterpret pc=0x0000000117d26050 method=plot.LineChart.drawLines(Ljava/awt/Graphics2D;)V @ 84
Event: 400.164 Thread 0x00007ff426985000 Uncommon trap: reason=unstable_if action=reinterpret pc=0x0000000117d47098 method=java.awt.geom.Path2D$Iterator.isDone()Z @ 11
Event: 874.228 Thread 0x00007ff426822800 Uncommon trap: reason=null_check action=make_not_entrant pc=0x0000000117eb0950 method=com.intellij.rt.execution.application.AppMainV2$1.run()V @ 43
Event: 874.267 Thread 0x00007ff426822800 Uncommon trap: reason=null_check action=make_not_entrant pc=0x0000000117ec8f9c method=com.intellij.rt.execution.application.AppMainV2$1.run()V @ 61
Event: 874.300 Thread 0x00007ff426822800 Uncommon trap: reason=null_check action=make_not_entrant pc=0x0000000117ec5b70 method=com.intellij.rt.execution.application.AppMainV2$1.run()V @ 83
Event: 3604.183 Thread 0x00007ff426985000 Uncommon trap: reason=unstable_if action=reinterpret pc=0x0000000117e2a7f4 method=sun.java2d.pipe.BufferedContext.validate(Lsun/java2d/pipe/hw/AccelSurface;Lsun/java2d/pipe/hw/AccelSurface;Lsun/java2d/pipe/Region;Ljava/awt/Composite;Ljava/awt/geom/AffineT

Internal exceptions (10 events):
Event: 4332.943 Thread 0x00007ff428005800 Exception <a 'java/lang/NullPointerException'> (0x0000000795d90200) thrown at [/Users/java_re/workspace/8-2-build-macosx-x86_64/jdk8u144/9417/hotspot/src/share/vm/interpreter/linkResolver.cpp, line 1197]
Event: 4332.943 Thread 0x00007ff428005800 Exception <a 'java/lang/NullPointerException'> (0x0000000795d90408) thrown at [/Users/java_re/workspace/8-2-build-macosx-x86_64/jdk8u144/9417/hotspot/src/share/vm/interpreter/linkResolver.cpp, line 1197]
Event: 4332.943 Thread 0x00007ff428005800 Exception <a 'java/lang/NullPointerException'> (0x0000000795d90610) thrown at [/Users/java_re/workspace/8-2-build-macosx-x86_64/jdk8u144/9417/hotspot/src/share/vm/interpreter/linkResolver.cpp, line 1197]
Event: 4332.943 Thread 0x00007ff428005800 Exception <a 'java/lang/NullPointerException'> (0x0000000795d90818) thrown at [/Users/java_re/workspace/8-2-build-macosx-x86_64/jdk8u144/9417/hotspot/src/share/vm/interpreter/linkResolver.cpp, line 1197]
Event: 4332.943 Thread 0x00007ff428005800 Exception <a 'java/lang/NullPointerException'> (0x0000000795d90a20) thrown at [/Users/java_re/workspace/8-2-build-macosx-x86_64/jdk8u144/9417/hotspot/src/share/vm/interpreter/linkResolver.cpp, line 1197]
Event: 4332.943 Thread 0x00007ff428005800 Exception <a 'java/lang/NullPointerException'> (0x0000000795d90c28) thrown at [/Users/java_re/workspace/8-2-build-macosx-x86_64/jdk8u144/9417/hotspot/src/share/vm/interpreter/linkResolver.cpp, line 1197]
Event: 4332.943 Thread 0x00007ff428005800 Exception <a 'java/lang/NullPointerException'> (0x0000000795d90e30) thrown at [/Users/java_re/workspace/8-2-build-macosx-x86_64/jdk8u144/9417/hotspot/src/share/vm/interpreter/linkResolver.cpp, line 1197]
Event: 4332.943 Thread 0x00007ff428005800 Exception <a 'java/lang/NullPointerException'> (0x0000000795d91038) thrown at [/Users/java_re/workspace/8-2-build-macosx-x86_64/jdk8u144/9417/hotspot/src/share/vm/interpreter/linkResolver.cpp, line 1197]
Event: 4332.943 Thread 0x00007ff428005800 Exception <a 'java/lang/NullPointerException'> (0x0000000795d91240) thrown at [/Users/java_re/workspace/8-2-build-macosx-x86_64/jdk8u144/9417/hotspot/src/share/vm/interpreter/linkResolver.cpp, line 1197]
Event: 4332.943 Thread 0x00007ff428005800 Exception <a 'java/lang/NullPointerException'> (0x0000000795d91448) thrown at [/Users/java_re/workspace/8-2-build-macosx-x86_64/jdk8u144/9417/hotspot/src/share/vm/interpreter/linkResolver.cpp, line 1197]

Events (10 events):
Event: 4332.942 Executing VM operation: RevokeBias
Event: 4332.942 Executing VM operation: RevokeBias done
Event: 4332.942 Executing VM operation: RevokeBias
Event: 4332.942 Executing VM operation: RevokeBias done
Event: 4332.942 Executing VM operation: RevokeBias
Event: 4332.942 Executing VM operation: RevokeBias done
Event: 4332.942 Executing VM operation: RevokeBias
Event: 4332.942 Executing VM operation: RevokeBias done
Event: 4332.943 Executing VM operation: BulkRevokeBias
Event: 4332.943 Executing VM operation: BulkRevokeBias done


Dynamic libraries:
0x000000000aa74000 	/System/Library/Frameworks/Cocoa.framework/Versions/A/Cocoa
0x000000000aa74000 	/System/Library/Frameworks/Security.framework/Versions/A/Security
0x000000000aa74000 	/System/Library/Frameworks/ApplicationServices.framework/Versions/A/ApplicationServices
0x000000000aa74000 	/usr/lib/libz.1.dylib
0x000000000aa74000 	/usr/lib/libSystem.B.dylib
0x000000000aa74000 	/usr/lib/libobjc.A.dylib
0x000000000aa74000 	/System/Library/Frameworks/CoreFoundation.framework/Versions/A/CoreFoundation
0x000000000aa74000 	/System/Library/Frameworks/Foundation.framework/Versions/C/Foundation
0x000000000aa74000 	/System/Library/Frameworks/AppKit.framework/Versions/C/AppKit
0x000000000aa74000 	/System/Library/Frameworks/CoreData.framework/Versions/A/CoreData
0x000000000aa74000 	/System/Library/PrivateFrameworks/RemoteViewServices.framework/Versions/A/RemoteViewServices
0x000000000aa74000 	/System/Library/PrivateFrameworks/UIFoundation.framework/Versions/A/UIFoundation
0x000000000aa74000 	/System/Library/PrivateFrameworks/DFRFoundation.framework/Versions/A/DFRFoundation
0x000000000aa74000 	/System/Library/Frameworks/Metal.framework/Versions/A/Metal
0x000000000aa74000 	/System/Library/PrivateFrameworks/DesktopServicesPriv.framework/Versions/A/DesktopServicesPriv
0x000000000aa74000 	/usr/lib/libenergytrace.dylib
0x000000000aa74000 	/System/Library/PrivateFrameworks/SkyLight.framework/Versions/A/SkyLight
0x000000000aa74000 	/System/Library/Frameworks/CoreGraphics.framework/Versions/A/CoreGraphics
0x000000000aa74000 	/usr/lib/libScreenReader.dylib
0x000000000aa74000 	/System/Library/Frameworks/Accelerate.framework/Versions/A/Accelerate
0x000000000aa74000 	/System/Library/Frameworks/IOSurface.framework/Versions/A/IOSurface
0x000000000aa74000 	/System/Library/Frameworks/AudioToolbox.framework/Versions/A/AudioToolbox
0x000000000aa74000 	/System/Library/Frameworks/AudioUnit.framework/Versions/A/AudioUnit
0x000000000aa74000 	/System/Library/PrivateFrameworks/DataDetectorsCore.framework/Versions/A/DataDetectorsCore
0x000000000aa74000 	/System/Library/Frameworks/Carbon.framework/Versions/A/Frameworks/HIToolbox.framework/Versions/A/HIToolbox
0x000000000aa74000 	/usr/lib/libicucore.A.dylib
0x000000000aa74000 	/System/Library/Frameworks/QuartzCore.framework/Versions/A/QuartzCore
0x000000000aa74000 	/System/Library/Frameworks/Carbon.framework/Versions/A/Frameworks/SpeechRecognition.framework/Versions/A/SpeechRecognition
0x000000000aa74000 	/usr/lib/libauto.dylib
0x000000000aa74000 	/usr/lib/libxml2.2.dylib
0x000000000aa74000 	/System/Library/PrivateFrameworks/CoreUI.framework/Versions/A/CoreUI
0x000000000aa74000 	/System/Library/Frameworks/CoreAudio.framework/Versions/A/CoreAudio
0x000000000aa74000 	/System/Library/Frameworks/DiskArbitration.framework/Versions/A/DiskArbitration
0x000000000aa74000 	/usr/lib/liblangid.dylib
0x000000000aa74000 	/System/Library/PrivateFrameworks/MultitouchSupport.framework/Versions/A/MultitouchSupport
0x000000000aa74000 	/System/Library/Frameworks/IOKit.framework/Versions/A/IOKit
0x000000000aa74000 	/usr/lib/libDiagnosticMessagesClient.dylib
0x000000000aa74000 	/System/Library/Frameworks/CoreServices.framework/Versions/A/CoreServices
0x000000000aa74000 	/System/Library/PrivateFrameworks/PerformanceAnalysis.framework/Versions/A/PerformanceAnalysis
0x000000000aa74000 	/System/Library/Frameworks/OpenGL.framework/Versions/A/OpenGL
0x000000000aa74000 	/System/Library/Frameworks/ColorSync.framework/Versions/A/ColorSync
0x000000000aa74000 	/System/Library/Frameworks/CoreImage.framework/Versions/A/CoreImage
0x000000000aa74000 	/System/Library/Frameworks/CoreText.framework/Versions/A/CoreText
0x000000000aa74000 	/System/Library/Frameworks/ImageIO.framework/Versions/A/ImageIO
0x000000000aa74000 	/System/Library/PrivateFrameworks/Backup.framework/Versions/A/Backup
0x000000000aa74000 	/usr/lib/libarchive.2.dylib
0x000000000aa74000 	/System/Library/Frameworks/CFNetwork.framework/Versions/A/CFNetwork
0x000000000aa74000 	/System/Library/Frameworks/SystemConfiguration.framework/Versions/A/SystemConfiguration
0x000000000aa74000 	/usr/lib/libCRFSuite.dylib
0x000000000aa74000 	/usr/lib/libc++.1.dylib
0x000000000aa74000 	/usr/lib/libc++abi.dylib
0x000000000aa74000 	/usr/lib/system/libcache.dylib
0x000000000aa74000 	/usr/lib/system/libcommonCrypto.dylib
0x000000000aa74000 	/usr/lib/system/libcompiler_rt.dylib
0x000000000aa74000 	/usr/lib/system/libcopyfile.dylib
0x000000000aa74000 	/usr/lib/system/libcorecrypto.dylib
0x000000000aa74000 	/usr/lib/system/libdispatch.dylib
0x000000000aa74000 	/usr/lib/system/libdyld.dylib
0x000000000aa74000 	/usr/lib/system/libkeymgr.dylib
0x000000000aa74000 	/usr/lib/system/liblaunch.dylib
0x000000000aa74000 	/usr/lib/system/libmacho.dylib
0x000000000aa74000 	/usr/lib/system/libquarantine.dylib
0x000000000aa74000 	/usr/lib/system/libremovefile.dylib
0x000000000aa74000 	/usr/lib/system/libsystem_asl.dylib
0x000000000aa74000 	/usr/lib/system/libsystem_blocks.dylib
0x000000000aa74000 	/usr/lib/system/libsystem_c.dylib
0x000000000aa74000 	/usr/lib/system/libsystem_configuration.dylib
0x000000000aa74000 	/usr/lib/system/libsystem_coreservices.dylib
0x000000000aa74000 	/usr/lib/system/libsystem_darwin.dylib
0x000000000aa74000 	/usr/lib/system/libsystem_dnssd.dylib
0x000000000aa74000 	/usr/lib/system/libsystem_info.dylib
0x000000000aa74000 	/usr/lib/system/libsystem_m.dylib
0x000000000aa74000 	/usr/lib/system/libsystem_malloc.dylib
0x000000000aa74000 	/usr/lib/system/libsystem_network.dylib
0x000000000aa74000 	/usr/lib/system/libsystem_networkextension.dylib
0x000000000aa74000 	/usr/lib/system/libsystem_notify.dylib
0x000000000aa74000 	/usr/lib/system/libsystem_sandbox.dylib
0x000000000aa74000 	/usr/lib/system/libsystem_secinit.dylib
0x000000000aa74000 	/usr/lib/system/libsystem_kernel.dylib
0x000000000aa74000 	/usr/lib/system/libsystem_platform.dylib
0x000000000aa74000 	/usr/lib/system/libsystem_pthread.dylib
0x000000000aa74000 	/usr/lib/system/libsystem_symptoms.dylib
0x000000000aa74000 	/usr/lib/system/libsystem_trace.dylib
0x000000000aa74000 	/usr/lib/system/libunwind.dylib
0x000000000aa74000 	/usr/lib/system/libxpc.dylib
0x000000000aa74000 	/usr/lib/closure/libclosured.dylib
0x000000000aa74000 	/usr/lib/libbsm.0.dylib
0x000000000aa74000 	/usr/lib/system/libkxld.dylib
0x000000000aa74000 	/usr/lib/libOpenScriptingUtil.dylib
0x000000000aa74000 	/usr/lib/libcoretls.dylib
0x000000000aa74000 	/usr/lib/libcoretls_cfhelpers.dylib
0x000000000aa74000 	/usr/lib/libpam.2.dylib
0x000000000aa74000 	/usr/lib/libsqlite3.dylib
0x000000000aa74000 	/usr/lib/libxar.1.dylib
0x000000000aa74000 	/usr/lib/libbz2.1.0.dylib
0x000000000aa74000 	/usr/lib/liblzma.5.dylib
0x000000000aa74000 	/usr/lib/libnetwork.dylib
0x000000000aa74000 	/usr/lib/libapple_nghttp2.dylib
0x000000000aa74000 	/usr/lib/libpcap.A.dylib
0x000000000aa74000 	/usr/lib/libboringssl.dylib
0x000000000aa74000 	/usr/lib/libusrtcp.dylib
0x000000000aa74000 	/usr/lib/libapple_crypto.dylib
0x000000000aa74000 	/System/Library/Frameworks/CoreServices.framework/Versions/A/Frameworks/FSEvents.framework/Versions/A/FSEvents
0x000000000aa74000 	/System/Library/Frameworks/CoreServices.framework/Versions/A/Frameworks/CarbonCore.framework/Versions/A/CarbonCore
0x000000000aa74000 	/System/Library/Frameworks/CoreServices.framework/Versions/A/Frameworks/Metadata.framework/Versions/A/Metadata
0x000000000aa74000 	/System/Library/Frameworks/CoreServices.framework/Versions/A/Frameworks/OSServices.framework/Versions/A/OSServices
0x000000000aa74000 	/System/Library/Frameworks/CoreServices.framework/Versions/A/Frameworks/SearchKit.framework/Versions/A/SearchKit
0x000000000aa74000 	/System/Library/Frameworks/CoreServices.framework/Versions/A/Frameworks/AE.framework/Versions/A/AE
0x000000000aa74000 	/System/Library/Frameworks/CoreServices.framework/Versions/A/Frameworks/LaunchServices.framework/Versions/A/LaunchServices
0x000000000aa74000 	/System/Library/Frameworks/CoreServices.framework/Versions/A/Frameworks/DictionaryServices.framework/Versions/A/DictionaryServices
0x000000000aa74000 	/System/Library/Frameworks/CoreServices.framework/Versions/A/Frameworks/SharedFileList.framework/Versions/A/SharedFileList
0x000000000aa74000 	/System/Library/Frameworks/NetFS.framework/Versions/A/NetFS
0x000000000aa74000 	/System/Library/PrivateFrameworks/NetAuth.framework/Versions/A/NetAuth
0x000000000aa74000 	/System/Library/PrivateFrameworks/login.framework/Versions/A/Frameworks/loginsupport.framework/Versions/A/loginsupport
0x000000000aa74000 	/System/Library/PrivateFrameworks/TCC.framework/Versions/A/TCC
0x000000000aa74000 	/usr/lib/libmecabra.dylib
0x000000000aa74000 	/System/Library/Frameworks/ApplicationServices.framework/Versions/A/Frameworks/ATS.framework/Versions/A/ATS
0x000000000aa74000 	/System/Library/Frameworks/ApplicationServices.framework/Versions/A/Frameworks/ColorSyncLegacy.framework/Versions/A/ColorSyncLegacy
0x000000000aa74000 	/System/Library/Frameworks/ApplicationServices.framework/Versions/A/Frameworks/HIServices.framework/Versions/A/HIServices
0x000000000aa74000 	/System/Library/Frameworks/ApplicationServices.framework/Versions/A/Frameworks/LangAnalysis.framework/Versions/A/LangAnalysis
0x000000000aa74000 	/System/Library/Frameworks/ApplicationServices.framework/Versions/A/Frameworks/PrintCore.framework/Versions/A/PrintCore
0x000000000aa74000 	/System/Library/Frameworks/ApplicationServices.framework/Versions/A/Frameworks/QD.framework/Versions/A/QD
0x000000000aa74000 	/System/Library/Frameworks/ApplicationServices.framework/Versions/A/Frameworks/SpeechSynthesis.framework/Versions/A/SpeechSynthesis
0x000000000aa74000 	/System/Library/Frameworks/CoreDisplay.framework/Versions/A/CoreDisplay
0x000000000aa74000 	/System/Library/Frameworks/Accelerate.framework/Versions/A/Frameworks/vImage.framework/Versions/A/vImage
0x000000000aa74000 	/System/Library/Frameworks/Accelerate.framework/Versions/A/Frameworks/vecLib.framework/Versions/A/vecLib
0x000000000aa74000 	/System/Library/Frameworks/Accelerate.framework/Versions/A/Frameworks/vecLib.framework/Versions/A/libvDSP.dylib
0x000000000aa74000 	/System/Library/Frameworks/Accelerate.framework/Versions/A/Frameworks/vecLib.framework/Versions/A/libBNNS.dylib
0x000000000aa74000 	/System/Library/Frameworks/Accelerate.framework/Versions/A/Frameworks/vecLib.framework/Versions/A/libQuadrature.dylib
0x000000000aa74000 	/System/Library/Frameworks/Accelerate.framework/Versions/A/Frameworks/vecLib.framework/Versions/A/libvMisc.dylib
0x000000000aa74000 	/System/Library/Frameworks/Accelerate.framework/Versions/A/Frameworks/vecLib.framework/Versions/A/libLAPACK.dylib
0x000000000aa74000 	/System/Library/Frameworks/Accelerate.framework/Versions/A/Frameworks/vecLib.framework/Versions/A/libBLAS.dylib
0x000000000aa74000 	/System/Library/Frameworks/Accelerate.framework/Versions/A/Frameworks/vecLib.framework/Versions/A/libLinearAlgebra.dylib
0x000000000aa74000 	/System/Library/Frameworks/Accelerate.framework/Versions/A/Frameworks/vecLib.framework/Versions/A/libSparse.dylib
0x000000000aa74000 	/System/Library/Frameworks/Accelerate.framework/Versions/A/Frameworks/vecLib.framework/Versions/A/libSparseBLAS.dylib
0x000000000aa74000 	/System/Library/PrivateFrameworks/IOAccelerator.framework/Versions/A/IOAccelerator
0x000000000aa74000 	/System/Library/PrivateFrameworks/IOPresentment.framework/Versions/A/IOPresentment
0x000000000aa74000 	/System/Library/PrivateFrameworks/DSExternalDisplay.framework/Versions/A/DSExternalDisplay
0x000000000aa74000 	/System/Library/Frameworks/OpenGL.framework/Versions/A/Libraries/libCoreFSCache.dylib
0x000000000aa74000 	/System/Library/Frameworks/CoreVideo.framework/Versions/A/CoreVideo
0x000000000aa74000 	/System/Library/PrivateFrameworks/GraphVisualizer.framework/Versions/A/GraphVisualizer
0x000000000aa74000 	/System/Library/Frameworks/MetalPerformanceShaders.framework/Versions/A/MetalPerformanceShaders
0x000000000aa74000 	/usr/lib/libFosl_dynamic.dylib
0x000000000aa74000 	/System/Library/PrivateFrameworks/FaceCore.framework/Versions/A/FaceCore
0x000000000aa74000 	/System/Library/Frameworks/OpenCL.framework/Versions/A/OpenCL
0x000000000aa74000 	/usr/lib/libcompression.dylib
0x000000000aa74000 	/System/Library/Frameworks/ApplicationServices.framework/Versions/A/Frameworks/ATS.framework/Versions/A/Resources/libFontParser.dylib
0x000000000aa74000 	/System/Library/Frameworks/ApplicationServices.framework/Versions/A/Frameworks/ATS.framework/Versions/A/Resources/libFontRegistry.dylib
0x000000000aa74000 	/System/Library/Frameworks/ImageIO.framework/Versions/A/Resources/libJPEG.dylib
0x000000000aa74000 	/System/Library/Frameworks/ImageIO.framework/Versions/A/Resources/libTIFF.dylib
0x000000000aa74000 	/System/Library/Frameworks/ImageIO.framework/Versions/A/Resources/libPng.dylib
0x000000000aa74000 	/System/Library/Frameworks/ImageIO.framework/Versions/A/Resources/libGIF.dylib
0x000000000aa74000 	/System/Library/Frameworks/ImageIO.framework/Versions/A/Resources/libJP2.dylib
0x000000000aa74000 	/System/Library/Frameworks/ImageIO.framework/Versions/A/Resources/libRadiance.dylib
0x000000000aa74000 	/System/Library/PrivateFrameworks/AppleJPEG.framework/Versions/A/AppleJPEG
0x000000000aa74000 	/System/Library/PrivateFrameworks/MetalTools.framework/Versions/A/MetalTools
0x000000000aa74000 	/System/Library/Frameworks/MetalPerformanceShaders.framework/Frameworks/MPSCore.framework/Versions/A/MPSCore
0x000000000aa74000 	/System/Library/Frameworks/MetalPerformanceShaders.framework/Frameworks/MPSImage.framework/Versions/A/MPSImage
0x000000000aa74000 	/System/Library/Frameworks/MetalPerformanceShaders.framework/Frameworks/MPSMatrix.framework/Versions/A/MPSMatrix
0x000000000aa74000 	/System/Library/Frameworks/MetalPerformanceShaders.framework/Frameworks/MPSNeuralNetwork.framework/Versions/A/MPSNeuralNetwork
0x000000000aa74000 	/System/Library/Frameworks/OpenGL.framework/Versions/A/Libraries/libGLU.dylib
0x000000000aa74000 	/System/Library/Frameworks/OpenGL.framework/Versions/A/Libraries/libGFXShared.dylib
0x000000000aa74000 	/System/Library/Frameworks/OpenGL.framework/Versions/A/Libraries/libGL.dylib
0x000000000aa74000 	/System/Library/Frameworks/OpenGL.framework/Versions/A/Libraries/libGLImage.dylib
0x000000000aa74000 	/System/Library/Frameworks/OpenGL.framework/Versions/A/Libraries/libCVMSPluginSupport.dylib
0x000000000aa74000 	/System/Library/Frameworks/OpenGL.framework/Versions/A/Libraries/libCoreVMClient.dylib
0x000000000aa74000 	/usr/lib/libcups.2.dylib
0x000000000aa74000 	/System/Library/Frameworks/Kerberos.framework/Versions/A/Kerberos
0x000000000aa74000 	/System/Library/Frameworks/GSS.framework/Versions/A/GSS
0x000000000aa74000 	/usr/lib/libresolv.9.dylib
0x000000000aa74000 	/usr/lib/libiconv.2.dylib
0x000000000aa74000 	/System/Library/PrivateFrameworks/Heimdal.framework/Versions/A/Heimdal
0x000000000aa74000 	/usr/lib/libheimdal-asn1.dylib
0x000000000aa74000 	/System/Library/Frameworks/OpenDirectory.framework/Versions/A/OpenDirectory
0x000000000aa74000 	/System/Library/PrivateFrameworks/CommonAuth.framework/Versions/A/CommonAuth
0x000000000aa74000 	/System/Library/Frameworks/OpenDirectory.framework/Versions/A/Frameworks/CFOpenDirectory.framework/Versions/A/CFOpenDirectory
0x000000000aa74000 	/System/Library/Frameworks/SecurityFoundation.framework/Versions/A/SecurityFoundation
0x000000000aa74000 	/System/Library/PrivateFrameworks/APFS.framework/Versions/A/APFS
0x000000000aa74000 	/usr/lib/libutil.dylib
0x000000000aa74000 	/System/Library/PrivateFrameworks/AppleSauce.framework/Versions/A/AppleSauce
0x000000000aa74000 	/System/Library/PrivateFrameworks/LinguisticData.framework/Versions/A/LinguisticData
0x000000000aa74000 	/usr/lib/libmarisa.dylib
0x000000000aa74000 	/System/Library/PrivateFrameworks/Lexicon.framework/Versions/A/Lexicon
0x000000000aa74000 	/usr/lib/libChineseTokenizer.dylib
0x000000000aa74000 	/usr/lib/libcmph.dylib
0x000000000aa74000 	/System/Library/PrivateFrameworks/LanguageModeling.framework/Versions/A/LanguageModeling
0x000000000aa74000 	/System/Library/PrivateFrameworks/CoreEmoji.framework/Versions/A/CoreEmoji
0x000000000aa74000 	/System/Library/Frameworks/ServiceManagement.framework/Versions/A/ServiceManagement
0x000000000aa74000 	/System/Library/PrivateFrameworks/BackgroundTaskManagement.framework/Versions/A/BackgroundTaskManagement
0x000000000aa74000 	/usr/lib/libxslt.1.dylib
0x000000000aa74000 	/System/Library/Frameworks/Carbon.framework/Versions/A/Frameworks/Ink.framework/Versions/A/Ink
0x000000000aa74000 	/System/Library/PrivateFrameworks/TextureIO.framework/Versions/A/TextureIO
0x000000000aa74000 	/usr/lib/libate.dylib
0x000000000aa74000 	/System/Library/PrivateFrameworks/CrashReporterSupport.framework/Versions/A/CrashReporterSupport
0x000000000aa74000 	/System/Library/PrivateFrameworks/Sharing.framework/Versions/A/Sharing
0x000000000aa74000 	/System/Library/PrivateFrameworks/IconServices.framework/Versions/A/IconServices
0x000000000aa74000 	/System/Library/PrivateFrameworks/ProtocolBuffer.framework/Versions/A/ProtocolBuffer
0x000000000aa74000 	/System/Library/PrivateFrameworks/Apple80211.framework/Versions/A/Apple80211
0x000000000aa74000 	/System/Library/Frameworks/CoreWLAN.framework/Versions/A/CoreWLAN
0x000000000aa74000 	/System/Library/PrivateFrameworks/CoreUtils.framework/Versions/A/CoreUtils
0x000000000aa74000 	/System/Library/Frameworks/IOBluetooth.framework/Versions/A/IOBluetooth
0x000000000aa74000 	/System/Library/PrivateFrameworks/CoreWiFi.framework/Versions/A/CoreWiFi
0x000000000aa74000 	/System/Library/Frameworks/CoreBluetooth.framework/Versions/A/CoreBluetooth
0x000000000aa74000 	/System/Library/PrivateFrameworks/SignpostNotification.framework/Versions/A/SignpostNotification
0x000000000aa74000 	/System/Library/PrivateFrameworks/DebugSymbols.framework/Versions/A/DebugSymbols
0x000000000aa74000 	/System/Library/PrivateFrameworks/CoreSymbolication.framework/Versions/A/CoreSymbolication
0x000000000aa74000 	/System/Library/PrivateFrameworks/Symbolication.framework/Versions/A/Symbolication
0x000000000aa74000 	/System/Library/PrivateFrameworks/AppleFSCompression.framework/Versions/A/AppleFSCompression
0x000000000aa74000 	/System/Library/PrivateFrameworks/SpeechRecognitionCore.framework/Versions/A/SpeechRecognitionCore
0x000000010d200000 	/Library/Java/JavaVirtualMachines/jdk1.8.0_144.jdk/Contents/Home/jre/lib/server/libjvm.dylib
0x000000000aa74000 	/usr/lib/libstdc++.6.0.9.dylib
0x000000010c882000 	/Library/Java/JavaVirtualMachines/jdk1.8.0_144.jdk/Contents/Home/jre/lib/libverify.dylib
0x000000010c890000 	/Library/Java/JavaVirtualMachines/jdk1.8.0_144.jdk/Contents/Home/jre/lib/libjava.dylib
0x000000010c8c6000 	/Library/Java/JavaVirtualMachines/jdk1.8.0_144.jdk/Contents/Home/jre/lib/libinstrument.dylib
0x000000010c964000 	/Library/Java/JavaVirtualMachines/jdk1.8.0_144.jdk/Contents/Home/jre/lib/libzip.dylib
0x000000000aa74000 	/System/Library/Frameworks/JavaVM.framework/Versions/A/Frameworks/JavaRuntimeSupport.framework/Versions/A/JavaRuntimeSupport
0x000000000aa74000 	/System/Library/Frameworks/JavaVM.framework/Versions/A/Frameworks/JavaNativeFoundation.framework/Versions/A/JavaNativeFoundation
0x000000000aa74000 	/System/Library/Frameworks/JavaVM.framework/Versions/A/JavaVM
0x000000000aa74000 	/System/Library/Frameworks/Carbon.framework/Versions/A/Carbon
0x000000000aa74000 	/System/Library/PrivateFrameworks/JavaLaunching.framework/Versions/A/JavaLaunching
0x000000000aa74000 	/System/Library/Frameworks/Carbon.framework/Versions/A/Frameworks/CommonPanels.framework/Versions/A/CommonPanels
0x000000000aa74000 	/System/Library/Frameworks/Carbon.framework/Versions/A/Frameworks/Help.framework/Versions/A/Help
0x000000000aa74000 	/System/Library/Frameworks/Carbon.framework/Versions/A/Frameworks/ImageCapture.framework/Versions/A/ImageCapture
0x000000000aa74000 	/System/Library/Frameworks/Carbon.framework/Versions/A/Frameworks/OpenScripting.framework/Versions/A/OpenScripting
0x000000000aa74000 	/System/Library/Frameworks/Carbon.framework/Versions/A/Frameworks/Print.framework/Versions/A/Print
0x000000000aa74000 	/System/Library/Frameworks/Carbon.framework/Versions/A/Frameworks/SecurityHI.framework/Versions/A/SecurityHI
0x0000000116543000 	/Library/Java/JavaVirtualMachines/jdk1.8.0_144.jdk/Contents/Home/jre/lib/libnet.dylib
0x00000001165a7000 	/Library/Java/JavaVirtualMachines/jdk1.8.0_144.jdk/Contents/Home/jre/lib/libawt.dylib
0x000000011664f000 	/Library/Java/JavaVirtualMachines/jdk1.8.0_144.jdk/Contents/Home/jre/lib/./libmlib_image.dylib
0x000000011671b000 	/Library/Java/JavaVirtualMachines/jdk1.8.0_144.jdk/Contents/Home/jre/lib/libawt_lwawt.dylib
0x00000001167d2000 	/Library/Java/JavaVirtualMachines/jdk1.8.0_144.jdk/Contents/Home/jre/lib/./libosxapp.dylib
0x000000000aa74000 	/System/Library/Frameworks/ExceptionHandling.framework/Versions/A/ExceptionHandling
0x000000000aa74000 	/System/Library/PrivateFrameworks/CoreServicesInternal.framework/Versions/A/CoreServicesInternal
0x000000000aa74000 	/System/Library/CoreServices/RawCamera.bundle/Contents/MacOS/RawCamera
0x000000000aa74000 	/System/Library/PrivateFrameworks/MobileAsset.framework/Versions/A/MobileAsset
0x000000000aa74000 	/System/Library/PrivateFrameworks/StreamingZip.framework/Versions/A/StreamingZip
0x000000000aa74000 	/System/Library/Frameworks/MediaToolbox.framework/Versions/A/MediaToolbox
0x000000000aa74000 	/System/Library/PrivateFrameworks/CoreAVCHD.framework/Versions/A/CoreAVCHD
0x000000000aa74000 	/System/Library/Frameworks/MediaAccessibility.framework/Versions/A/MediaAccessibility
0x000000000aa74000 	/System/Library/PrivateFrameworks/Mangrove.framework/Versions/A/Mangrove
0x000000000aa74000 	/System/Library/Frameworks/CoreMedia.framework/Versions/A/CoreMedia
0x000000000aa74000 	/System/Library/Frameworks/VideoToolbox.framework/Versions/A/VideoToolbox
0x000000000aa74000 	/System/Library/PrivateFrameworks/CoreAUC.framework/Versions/A/CoreAUC
0x000000000aa74000 	/usr/lib/libspindump.dylib
0x000000000aa74000 	/usr/lib/libdscsym.dylib
0x000000000aa74000 	/System/Library/PrivateFrameworks/AppleVA.framework/Versions/A/AppleVA
0x000000000aa74000 	/System/Library/Frameworks/Accelerate.framework/Versions/A/Frameworks/vImage.framework/Versions/A/Libraries/libCGInterfaces.dylib
0x000000000aa74000 	/System/Library/Frameworks/ApplicationServices.framework/Versions/A/Frameworks/ATS.framework/Versions/A/Resources/libTrueTypeScaler.dylib
0x000000000aa74000 	/System/Library/Frameworks/OpenGL.framework/Versions/A/Resources/GLEngine.bundle/GLEngine
0x000000000aa74000 	/System/Library/Frameworks/OpenGL.framework/Versions/A/Libraries/libGLProgrammability.dylib
0x000000012793a000 	/System/Library/Extensions/AppleIntelSKLGraphicsGLDriver.bundle/Contents/MacOS/AppleIntelSKLGraphicsGLDriver
0x000000000aa74000 	/System/Library/PrivateFrameworks/GPUSupport.framework/Versions/A/Libraries/libGPUSupportMercury.dylib
0x000000000aa74000 	/System/Library/Frameworks/OpenGL.framework/Versions/A/Resources/GLRendererFloat.bundle/GLRendererFloat
0x000000000aa74000 	/System/Library/Frameworks/OpenCL.framework/Versions/A/Libraries/libcldcpuengine.dylib
0x000000000aa74000 	/usr/lib/libcrypto.35.dylib
0x000000000aa74000 	/System/Library/PrivateFrameworks/TrustEvaluationAgent.framework/Versions/A/TrustEvaluationAgent
0x000000000aa74000 	/System/Library/Extensions/AppleIntelSKLGraphicsMTLDriver.bundle/Contents/MacOS/AppleIntelSKLGraphicsMTLDriver
0x000000000aa74000 	/System/Library/PrivateFrameworks/GPUCompiler.framework/Versions/3802/Libraries/libmetal_timestamp.dylib
0x000000000aa74000 	/System/Library/PrivateFrameworks/FamilyControls.framework/Versions/A/FamilyControls
0x000000000aa74000 	/System/Library/PrivateFrameworks/CommerceKit.framework/Versions/A/Frameworks/CommerceCore.framework/Versions/A/CommerceCore
0x000000000aa74000 	/System/Library/PrivateFrameworks/SystemAdministration.framework/Versions/A/SystemAdministration
0x000000000aa74000 	/System/Library/PrivateFrameworks/AppContainer.framework/Versions/A/AppContainer
0x000000000aa74000 	/System/Library/PrivateFrameworks/SecCodeWrapper.framework/Versions/A/SecCodeWrapper
0x000000000aa74000 	/System/Library/PrivateFrameworks/DiskManagement.framework/Versions/A/DiskManagement
0x000000000aa74000 	/System/Library/Frameworks/DirectoryService.framework/Versions/A/DirectoryService
0x000000000aa74000 	/System/Library/PrivateFrameworks/DiskImages.framework/Versions/A/DiskImages
0x000000000aa74000 	/System/Library/PrivateFrameworks/LoginUIKit.framework/Versions/A/Frameworks/LoginUICore.framework/Versions/A/LoginUICore
0x000000000aa74000 	/usr/lib/libCoreStorage.dylib
0x000000000aa74000 	/usr/lib/libcsfde.dylib
0x000000000aa74000 	/usr/lib/libodfde.dylib
0x000000000aa74000 	/System/Library/PrivateFrameworks/MediaKit.framework/Versions/A/MediaKit
0x000000000aa74000 	/System/Library/Frameworks/DiscRecording.framework/Versions/A/DiscRecording
0x000000000aa74000 	/System/Library/PrivateFrameworks/EFILogin.framework/Versions/A/EFILogin
0x000000000aa74000 	/System/Library/PrivateFrameworks/ProtectedCloudStorage.framework/Versions/A/ProtectedCloudStorage
0x000000000aa74000 	/usr/lib/libcurl.4.dylib
0x000000000aa74000 	/usr/lib/libssl.35.dylib
0x000000000aa74000 	/System/Library/Frameworks/LDAP.framework/Versions/A/LDAP
0x000000000aa74000 	/usr/lib/libsasl2.2.dylib
0x000000000aa74000 	/System/Library/PrivateFrameworks/CoreDaemon.framework/Versions/B/CoreDaemon
0x000000000aa74000 	/System/Library/PrivateFrameworks/AppleSRP.framework/Versions/A/AppleSRP
0x0000000129593000 	/Library/Java/JavaVirtualMachines/jdk1.8.0_144.jdk/Contents/Home/jre/lib/libfontmanager.dylib
0x000000000aa74000 	/System/Library/PrivateFrameworks/ViewBridge.framework/Versions/A/ViewBridge
0x00000001295fa000 	/Library/Java/JavaVirtualMachines/jdk1.8.0_144.jdk/Contents/Home/jre/lib/libosxui.dylib
0x0000000127905000 	/Library/Java/JavaVirtualMachines/jdk1.8.0_144.jdk/Contents/Home/jre/lib/libdcpr.dylib
0x00000001277be000 	/Library/Java/JavaVirtualMachines/jdk1.8.0_144.jdk/Contents/Home/jre/lib/libnio.dylib

VM Arguments:
jvm_args: -javaagent:/Applications/IntelliJ IDEA CE.app/Contents/lib/idea_rt.jar=49599:/Applications/IntelliJ IDEA CE.app/Contents/bin -Dfile.encoding=UTF-8 
java_command: ntuple.tests.EvolveMarioLevelTest
java_class_path (initial): /Library/Java/JavaVirtualMachines/jdk1.8.0_144.jdk/Contents/Home/jre/lib/charsets.jar:/Library/Java/JavaVirtualMachines/jdk1.8.0_144.jdk/Contents/Home/jre/lib/deploy.jar:/Library/Java/JavaVirtualMachines/jdk1.8.0_144.jdk/Contents/Home/jre/lib/ext/cldrdata.jar:/Library/Java/JavaVirtualMachines/jdk1.8.0_144.jdk/Contents/Home/jre/lib/ext/dnsns.jar:/Library/Java/JavaVirtualMachines/jdk1.8.0_144.jdk/Contents/Home/jre/lib/ext/jaccess.jar:/Library/Java/JavaVirtualMachines/jdk1.8.0_144.jdk/Contents/Home/jre/lib/ext/jfxrt.jar:/Library/Java/JavaVirtualMachines/jdk1.8.0_144.jdk/Contents/Home/jre/lib/ext/localedata.jar:/Library/Java/JavaVirtualMachines/jdk1.8.0_144.jdk/Contents/Home/jre/lib/ext/nashorn.jar:/Library/Java/JavaVirtualMachines/jdk1.8.0_144.jdk/Contents/Home/jre/lib/ext/sunec.jar:/Library/Java/JavaVirtualMachines/jdk1.8.0_144.jdk/Contents/Home/jre/lib/ext/sunjce_provider.jar:/Library/Java/JavaVirtualMachines/jdk1.8.0_144.jdk/Contents/Home/jre/lib/ext/sunpkcs11.jar:/Library/Java/JavaVirtualMachines/jdk1.8.0_144.jdk/Contents/Home/jre/lib/ext/zipfs.jar:/Library/Java/JavaVirtualMachines/jdk1.8.0_144.jdk/Contents/Home/jre/lib/javaws.jar:/Library/Java/JavaVirtualMachines/jdk1.8.0_144.jdk/Contents/Home/jre/lib/jce.jar:/Library/Java/JavaVirtualMachines/jdk1.8.0_144.jdk/Contents/Home/jre/lib/jfr.jar:/Library/Java/JavaVirtualMachines/jdk1.8.0_144.jdk/Contents/Home/jre/lib/jfxswt.jar:/Library/Java/JavaVirtualMachines/jdk1.8.0_144.jdk/Contents/Home/jre/lib/jsse.jar:/Library/Java/JavaVirtualMachines/jdk1.8.0_144.jdk/Contents/Home/jre/lib/management-agent.jar:/Library/Java/JavaVirtualMachines/jdk1.8.0_144.jdk/Contents/Home/jre/lib/plugin.jar:/Library/Java/JavaVirtualMachines/jdk1.8.0_144.jdk/Contents/Home/jre/lib/resources.jar:/Library/Java/JavaVirtualMachines/jdk1.8.0_144.jdk/Contents/Home/jre/lib/rt.jar:/Library/Java/JavaVirtualMachines/jdk1.8.0_144.jdk/Contents/Home/lib/ant-javafx.jar:/Library/Java/JavaVirtualMachines/jdk1.8.0_144.jdk/Contents/Home
Launcher Type: SUN_STANDARD

Environment Variables:
PATH=/usr/local/bin:/usr/bin:/bin:/usr/sbin:/sbin
SHELL=/bin/bash

Signal Handlers:
SIGSEGV: [libjvm.dylib+0x5b26e5], sa_mask[0]=11111111011111110111111111111111, sa_flags=SA_ONSTACK|SA_RESTART|SA_SIGINFO
SIGBUS: [libjvm.dylib+0x5b26e5], sa_mask[0]=11111111011111110111111111111111, sa_flags=SA_RESTART|SA_SIGINFO
SIGFPE: [libjvm.dylib+0x489100], sa_mask[0]=11111111011111110111111111111111, sa_flags=SA_RESTART|SA_SIGINFO
SIGPIPE: [libjvm.dylib+0x489100], sa_mask[0]=11111111011111110111111111111111, sa_flags=SA_RESTART|SA_SIGINFO
SIGXFSZ: [libjvm.dylib+0x489100], sa_mask[0]=11111111011111110111111111111111, sa_flags=SA_RESTART|SA_SIGINFO
SIGILL: [libjvm.dylib+0x489100], sa_mask[0]=11111111011111110111111111111111, sa_flags=SA_RESTART|SA_SIGINFO
SIGUSR1: SIG_DFL, sa_mask[0]=00000000000000000000000000000000, sa_flags=none
SIGUSR2: [libjvm.dylib+0x488c1e], sa_mask[0]=00100000000000000000000000000000, sa_flags=SA_RESTART|SA_SIGINFO
SIGHUP: [libjvm.dylib+0x4871f5], sa_mask[0]=11111111011111110111111111111111, sa_flags=SA_RESTART|SA_SIGINFO
SIGINT: [libjvm.dylib+0x4871f5], sa_mask[0]=11111111011111110111111111111111, sa_flags=SA_RESTART|SA_SIGINFO
SIGTERM: [libjvm.dylib+0x4871f5], sa_mask[0]=11111111011111110111111111111111, sa_flags=SA_RESTART|SA_SIGINFO
SIGQUIT: [libjvm.dylib+0x4871f5], sa_mask[0]=11111111011111110111111111111111, sa_flags=SA_RESTART|SA_SIGINFO


---------------  S Y S T E M  ---------------

OS:Bsduname:Darwin 17.2.0 Darwin Kernel Version 17.2.0: Fri Sep 29 18:27:05 PDT 2017; root:xnu-4570.20.62~3/RELEASE_X86_64 x86_64
rlimit: STACK 8192k, CORE 0k, NPROC 709, NOFILE 10240, AS infinity
load average:25.75 9.32 6.50

CPU:total 4 (initial active 4) (2 cores per cpu, 2 threads per core) family 6 model 78 stepping 3, cmov, cx8, fxsr, mmx, sse, sse2, sse3, ssse3, sse4.1, sse4.2, popcnt, avx, avx2, aes, clmul, erms, 3dnowpref, lzcnt, ht, tsc, tscinvbit, bmi1, bmi2, adx

Memory: 4k page, physical 8388608k(16804k free)

/proc/meminfo:


vm_info: Java HotSpot(TM) 64-Bit Server VM (25.144-b01) for bsd-amd64 JRE (1.8.0_144-b01), built on Jul 21 2017 22:07:42 by "java_re" with gcc 4.2.1 (Based on Apple Inc. build 5658) (LLVM build 2336.11.00)

time: Tue Feb 27 17:38:12 2018
elapsed time: 4332 seconds (0d 1h 12m 12s)

